<?xml version="1.0" encoding="UTF-8" ?>
<testsuite errors="0" failures="0" hostname="snajperbook" name="com.sun.xml.bind.v2.util.CollisionCheckStackTest" tests="2" time="0.0070" timestamp="2011-06-23T12:11:48">
  <properties>
    <property name="jaxb.libs" value="/home/snajper/work/sources/jaxb/22/tools/lib" />
    <property name="file.encoding.pkg" value="sun.io" />
    <property name="xjc.classes" value="/home/snajper/work/sources/jaxb/22/xjc/build/classes" />
    <property name="resolver-comsun.mvn.path" value="xml-resolver/xml-resolver-comsun/1.1/xml-resolver-comsun-1.1.jar" />
    <property name="resolver.mvn.path" value="xml-resolver/xml-resolver/1.1/xml-resolver-1.1.jar" />
    <property name="xjc.compilerarg" value="-Xbootclasspath/p:/home/snajper/work/sources/jaxb/22/tools/lib/redist/jaxb-api.jar" />
    <property name="java.home" value="/home/snajper/work/builds/jdk/6u24/jre" />
    <property name="runtime-fi.test.classes" value="/home/snajper/work/sources/jaxb/22/runtime-fi/build/test" />
    <property name="reflection.test.classes" value="/home/snajper/work/sources/jaxb/22/reflection/build/test" />
    <property name="compile.debug" value="on" />
    <property name="xjc.gensrc" value="/home/snajper/work/sources/jaxb/22/xjc/build/src" />
    <property name="java.endorsed.dirs" value="/home/snajper/work/builds/jdk/6u24/jre/lib/endorsed" />
    <property name="rngom.version" value="201103-SNAPSHOT" />
    <property name="activation.version" value="1.1" />
    <property name="args4j.version" value="1.0" />
    <property name="activation.mvn.path" value="javax/activation/activation/1.1/activation-1.1.jar" />
    <property name="sun.os.patch.level" value="unknown" />
    <property name="java.vendor.url" value="http://java.sun.com/" />
    <property name="java.version" value="1.6.0_24" />
    <property name="apgen.root" value="/home/snajper/work/sources/jaxb/22/apgen" />
    <property name="runtime.root" value="/home/snajper/work/sources/jaxb/22/runtime" />
    <property name="jaxb.docs" value="/home/snajper/work/sources/jaxb/22/docs" />
    <property name="java.vendor.url.bug" value="http://java.sun.com/cgi-bin/bugreport.cgi" />
    <property name="ant.file.jaxb-taskdefs" value="/home/snajper/work/sources/jaxb/22/build-taskdefs.xml" />
    <property name="xjc.root" value="/home/snajper/work/sources/jaxb/22/xjc" />
    <property name="runtime-fi.src" value="/home/snajper/work/sources/jaxb/22/runtime-fi/src" />
    <property name="samples.build" value="/home/snajper/work/sources/jaxb/22/samples/build" />
    <property name="user.name" value="snajper" />
    <property name="build.number" value="${build.number}" />
    <property name="tools.root" value="/home/snajper/work/sources/jaxb/22/tools" />
    <property name="sun.io.unicode.encoding" value="UnicodeLittle" />
    <property name="jaxb.libs.test" value="/home/snajper/work/sources/jaxb/22/../jaxb-unit/tools/lib/util" />
    <property name="sun.jnu.encoding" value="ANSI_X3.4-1968" />
    <property name="java.runtime.name" value="Java(TM) SE Runtime Environment" />
    <property name="jaxb.root" value="/home/snajper/work/sources/jaxb/22" />
    <property name="msv.bin" value="/home/snajper/work/sources/jaxb/22/tools/lib/redist/msv.jar" />
    <property name="runtime.test.classes" value="/home/snajper/work/sources/jaxb/22/runtime/build/test" />
    <property name="fi1.mvn.path" value="com/sun/xml/fastinfoset/FastInfoset/1.0/FastInfoset-1.0.jar" />
    <property name="xsdlib.version" value="20050516" />
    <property name="java.specification.name" value="Java Platform API Specification" />
    <property name="user.timezone" value="" />
    <property name="samples.root" value="/home/snajper/work/sources/jaxb/22/samples" />
    <property name="path.separator" value=":" />
    <property name="file.encoding" value="ANSI_X3.4-1968" />
    <property name="jaxb-api-osgi.mvn.path" value="javax/xml/bind/jaxb-api-osgi/2.2.5-SNAPSHOT/jaxb-api-osgi-2.2.5-SNAPSHOT.jar" />
    <property name="osgi.build" value="/home/snajper/work/sources/jaxb/22/osgi/build" />
    <property name="jaxb-osgi.mvn.path" value="com/sun/xml/bind/jaxb-osgi/2.2.4/jaxb-osgi-2.2.4.jar" />
    <property name="runtime-fi.root" value="/home/snajper/work/sources/jaxb/22/runtime-fi" />
    <property name="jaxb.libs.compiler10" value="/home/snajper/work/sources/jaxb/22/tools/compiler10" />
    <property name="ant.file" value="/home/snajper/work/sources/jaxb/22/runtime/build.xml" />
    <property name="runtime-staxex.classes" value="/home/snajper/work/sources/jaxb/22/runtime-staxex/build/classes" />
    <property name="xsom.mvn.path" value="com/sun/xsom/xsom/20110101-SNAPSHOT/xsom-20110101-SNAPSHOT.jar" />
    <property name="runtime-deprecated.src" value="/home/snajper/work/sources/jaxb/22/runtime-deprecated/src" />
    <property name="xsom.version" value="20110101-SNAPSHOT" />
    <property name="java.io.tmpdir" value="/tmp" />
    <property name="release.impl.date" value="TBD" />
    <property name="TODAY" value="June 23 2011" />
    <property name="runtime.src" value="/home/snajper/work/sources/jaxb/22/runtime/src" />
    <property name="user.language" value="en" />
    <property name="line.separator" value="
" />
    <property name="runtime.test" value="/home/snajper/work/sources/jaxb/22/runtime/test" />
    <property name="dtd-parser.mvn.path" value="com/sun/xml/dtd-parser/dtd-parser/1.2-SNAPSHOT/dtd-parser-1.2-SNAPSHOT.jar" />
    <property name="resolver-comsun.version" value="1.1" />
    <property name="runtime-staxex.root" value="/home/snajper/work/sources/jaxb/22/runtime-staxex" />
    <property name="javadoc.nodeprecation" value="false" />
    <property name="build.full.version" value="2.2.4-b${build.number}" />
    <property name="jaxb-api.version" value="2.2.5-SNAPSHOT" />
    <property name="xjc.test" value="/home/snajper/work/sources/jaxb/22/xjc/test" />
    <property name="codemodel.mvn.path" value="com/sun/codemodel/codemodel/2.5-SNAPSHOT/codemodel-2.5-SNAPSHOT.jar" />
    <property name="java.vm.info" value="mixed mode" />
    <property name="jsr173api.version" value="1.0" />
    <property name="sun.desktop" value="gnome" />
    <property name="jaxb-api.path" value="/home/snajper/work/sources/jaxb/22/tools/lib/redist/jaxb-api.jar" />
    <property name="java.vm.specification.name" value="Java Virtual Machine Specification" />
    <property name="external.dir" value="/home/snajper/work/sources/jaxb/22/external" />
    <property name="resolver.version" value="1.1" />
    <property name="release.impl.version" value="2.2.4" />
    <property name="compile.deprecation" value="off" />
    <property name="jaxb.libs.redist" value="/home/snajper/work/sources/jaxb/22/tools/lib/redist" />
    <property name="manifest.root" value="/home/snajper/work/sources/jaxb/22/docs/manifest" />
    <property name="isorelax.version" value="20090621" />
    <property name="istack-commons.version" value="2.4-SNAPSHOT" />
    <property name="java.awt.printerjob" value="sun.print.PSPrinterJob" />
    <property name="istack-commons.runtime.mvn.path" value="com/sun/istack/istack-commons-runtime/2.4-SNAPSHOT/istack-commons-runtime-2.4-SNAPSHOT" />
    <property name="reflection.root" value="/home/snajper/work/sources/jaxb/22/reflection" />
    <property name="jaxb-unit.root" value="/home/snajper/work/sources/jaxb/22/../jaxb-unit" />
    <property name="osgi.root" value="/home/snajper/work/sources/jaxb/22/osgi" />
    <property name="ant.version" value="Apache Ant version 1.7.1 compiled on June 27 2008" />
    <property name="runtime-fi.test" value="/home/snajper/work/sources/jaxb/22/runtime-fi/test" />
    <property name="jsr173api.mvn.path" value="javax/xml/jsr173/1.0/jsr173-1.0.jar" />
    <property name="JDK_1.6" value="/System/Library/Frameworks/JavaVM.framework/Versions/1.6/Home" />
    <property name="JDK_1.5" value="/System/Library/Frameworks/JavaVM.framework/Versions/1.5/Home" />
    <property name="rngom.mvn.path" value="org/kohsuke/rngom/rngom/201103-SNAPSHOT/rngom-201103-SNAPSHOT.jar" />
    <property name="JDK_1.4" value="/System/Library/Frameworks/JavaVM.framework/Versions/1.4/Home" />
    <property name="fi1.version" value="1.0" />
    <property name="reflection.classes" value="/home/snajper/work/sources/jaxb/22/reflection/build/classes" />
    <property name="istack-commons.tools.mvn.path" value="com/sun/istack/istack-commons-tools/2.4-SNAPSHOT/istack-commons-tools-2.4-SNAPSHOT" />
    <property name="os.name" value="Linux" />
    <property name="java.specification.vendor" value="Sun Microsystems Inc." />
    <property name="runtime-deprecated.root" value="/home/snajper/work/sources/jaxb/22/runtime-deprecated" />
    <property name="runtime-fi.classes" value="/home/snajper/work/sources/jaxb/22/runtime-fi/build/classes" />
    <property name="msv.version" value="20050516" />
    <property name="java.vm.name" value="Java HotSpot(TM) 64-Bit Server VM" />
    <property name="runtime-staxex.test" value="/home/snajper/work/sources/jaxb/22/runtime-staxex/test" />
    <property name="java.library.path" value="/home/snajper/work/builds/jdk/6u24/jre/lib/amd64/server:/home/snajper/work/builds/jdk/6u24/jre/lib/amd64:/home/snajper/work/builds/jdk/6u24/jre/../lib/amd64:/usr/java/packages/lib/amd64:/usr/lib64:/lib64:/lib:/usr/lib" />
    <property name="ant.java.version" value="1.6" />
    <property name="ant.file.runtime" value="/home/snajper/work/sources/jaxb/22/runtime/build.xml" />
    <property name="basedir" value="/home/snajper/work/sources/jaxb/22/runtime" />
    <property name="java.class.version" value="50.0" />
    <property name="ant.home" value="/home/snajper/work/builds/ant/ant" />
    <property name="relaxng-datatype.version" value="1.0" />
    <property name="xjc.src" value="/home/snajper/work/sources/jaxb/22/xjc/src" />
    <property name="msv.mvn.path" value="com/sun/msv/msv/20050516/msv-20050516.jar" />
    <property name="dtd-parser.version" value="1.2-SNAPSHOT" />
    <property name="relaxngcc.version" value="20021212" />
    <property name="ant.file.JAXB_2.2-impl" value="/home/snajper/work/sources/jaxb/22/nbproject/build-impl.xml" />
    <property name="jaxb.libs.util" value="/home/snajper/work/sources/jaxb/22/tools/lib/util" />
    <property name="manifest.classpath" value="jaxb-api.jar jaxb-impl.jar jsr173_1.0_api.jar activation.jar" />
    <property name="fi.version" value="1.2.10-SNAPSHOT" />
    <property name="stax-ex.version" value="1.3-SNAPSHOT" />
    <property name="jaxb.libs.src" value="/home/snajper/work/sources/jaxb/22/tools/lib/src" />
    <property name="release.spec.version" value="2.2.5-SNAPSHOT" />
    <property name="sun.boot.library.path" value="/home/snajper/work/builds/jdk/6u24/jre/lib/amd64" />
    <property name="txw2.version" value="201103-SNAPSHOT" />
    <property name="jaxb.version" value="2.2.4" />
    <property name="sun.management.compiler" value="HotSpot 64-Bit Server Compiler" />
    <property name="java.awt.graphicsenv" value="sun.awt.X11GraphicsEnvironment" />
    <property name="reflection.test" value="/home/snajper/work/sources/jaxb/22/reflection/test" />
    <property name="xsdlib.mvn.path" value="com/sun/msv/datatype/xsd/xsdlib/20050516/xsdlib-20050516.jar" />
    <property name="runtime-deprecated.classes" value="/home/snajper/work/sources/jaxb/22/runtime-deprecated/build/classes" />
    <property name="istack-commons.test.mvn.path" value="com/sun/istack/istack-commons-test/2.4-SNAPSHOT/istack-commons-test-2.4-SNAPSHOT" />
    <property name="ant.project.name" value="runtime" />
    <property name="now" value="06/23/2011 02:11 PM" />
    <property name="java.vm.specification.version" value="1.0" />
    <property name="stax-ex.mvn.path" value="org/jvnet/staxex/stax-ex/1.3-SNAPSHOT/stax-ex-1.3-SNAPSHOT.jar" />
    <property name="jaxb-api.mvn.path" value="javax/xml/bind/jaxb-api/2.2.5-SNAPSHOT/jaxb-api-2.2.5-SNAPSHOT.jar" />
    <property name="sun.cpu.isalist" value="" />
    <property name="runtime.compilerarg" value="-Xbootclasspath/p:/home/snajper/work/sources/jaxb/22/tools/lib/redist/jaxb-api.jar" />
    <property name="xsdlib.bin" value="/home/snajper/work/sources/jaxb/22/tools/lib/redist/xsdlib.jar" />
    <property name="java.ext.dirs" value="/home/snajper/work/builds/jdk/6u24/jre/lib/ext:/usr/java/packages/lib/ext" />
    <property name="os.version" value="2.6.38-8-generic" />
    <property name="apgen.classes" value="/home/snajper/work/sources/jaxb/22/apgen/build/classes" />
    <property name="user.home" value="/home/snajper" />
    <property name="samples.samples-src" value="/home/snajper/work/sources/jaxb/22/samples/samples-src" />
    <property name="srcbundle.dist" value="/home/snajper/work/sources/jaxb/22/srcbundle" />
    <property name="xjc10.classes" value="/home/snajper/work/sources/jaxb/22/xjc/build/1.0-classes/1.0" />
    <property name="java.vm.vendor" value="Sun Microsystems Inc." />
    <property name="ant.file.jaxb" value="/home/snajper/work/sources/jaxb/22/build.xml" />
    <property name="jaxb.libs.compiler" value="/home/snajper/work/sources/jaxb/22/tools/lib/rebundle/compiler" />
    <property name="isorelax.mvn.path" value="isorelax/isorelax/20090621/isorelax-20090621.jar" />
    <property name="jaxb.samples" value="/home/snajper/work/sources/jaxb/22/samples" />
    <property name="txw2.mvn.path" value="com/sun/xml/txw2/txw2/201103-SNAPSHOT/txw2-201103-SNAPSHOT.jar" />
    <property name="user.dir" value="/home/snajper/work/sources/jaxb/22" />
    <property name="samples.src" value="/home/snajper/work/sources/jaxb/22/samples/src" />
    <property name="javacc.version" value="3.2" />
    <property name="sun.cpu.endian" value="little" />
    <property name="samples.classes" value="/home/snajper/work/sources/jaxb/22/samples/build/classes" />
    <property name="java.vm.version" value="19.1-b02" />
    <property name="java.class.path" value="/home/snajper/work/builds/ant/ant/lib/ant-launcher.jar:/usr/share/java/xmlParserAPIs.jar:/usr/share/java/xercesImpl.jar:/home/snajper/work/builds/ant/ant/lib/ant-jai.jar:/home/snajper/work/builds/ant/ant/lib/ant-apache-regexp.jar:/home/snajper/work/builds/ant/ant/lib/ant-apache-oro.jar:/home/snajper/work/builds/ant/ant/lib/ant-trax.jar:/home/snajper/work/builds/ant/ant/lib/ant-antlr.jar:/home/snajper/work/builds/ant/ant/lib/ant-weblogic.jar:/home/snajper/work/builds/ant/ant/lib/ant-commons-logging.jar:/home/snajper/work/builds/ant/ant/lib/ant-jsch.jar:/home/snajper/work/builds/ant/ant/lib/xml-apis.jar:/home/snajper/work/builds/ant/ant/lib/ant-netrexx.jar:/home/snajper/work/builds/ant/ant/lib/ant-stylebook.jar:/home/snajper/work/builds/ant/ant/lib/ant-jmf.jar:/home/snajper/work/builds/ant/ant/lib/ant-junit.jar:/home/snajper/work/builds/ant/ant/lib/ant-starteam.jar:/home/snajper/work/builds/ant/ant/lib/ant-testutil.jar:/home/snajper/work/builds/ant/ant/lib/ant-apache-bcel.jar:/home/snajper/work/builds/ant/ant/lib/xercesImpl.jar:/home/snajper/work/builds/ant/ant/lib/ant.jar:/home/snajper/work/builds/ant/ant/lib/ant-apache-log4j.jar:/home/snajper/work/builds/ant/ant/lib/ant-apache-resolver.jar:/home/snajper/work/builds/ant/ant/lib/ant-launcher.jar:/home/snajper/work/builds/ant/ant/lib/ant-apache-bsf.jar:/home/snajper/work/builds/ant/ant/lib/ant-jdepend.jar:/home/snajper/work/builds/ant/ant/lib/ant-commons-net.jar:/home/snajper/work/builds/ant/ant/lib/ant-nodeps.jar:/home/snajper/work/builds/ant/ant/lib/ant-javamail.jar:/home/snajper/work/builds/ant/ant/lib/ant-swing.jar:/home/snajper/work/builds/jdk/6u24/lib/tools.jar" />
    <property name="DSTAMP" value="20110623" />
    <property name="ant.library.dir" value="/home/snajper/work/builds/ant/ant/lib" />
    <property name="os.arch" value="amd64" />
    <property name="compile.optimize" value="off" />
    <property name="sun.java.launcher" value="SUN_STANDARD" />
    <property name="jaxb.libs.rebundle" value="/home/snajper/work/sources/jaxb/22/tools/lib/rebundle" />
    <property name="runtime-staxex.test.classes" value="/home/snajper/work/sources/jaxb/22/runtime-staxex/build/test" />
    <property name="ant.core.lib" value="/home/snajper/work/builds/ant/ant/lib/ant.jar" />
    <property name="java.vm.specification.vendor" value="Sun Microsystems Inc." />
    <property name="apgen.src" value="/home/snajper/work/sources/jaxb/22/apgen/src" />
    <property name="TSTAMP" value="1411" />
    <property name="jaxb.dist" value="/home/snajper/work/sources/jaxb/22/dist" />
    <property name="jaxb.libs.runtime2" value="/home/snajper/work/sources/jaxb/22/tools/lib/rebundle/runtime2" />
    <property name="file.separator" value="/" />
    <property name="relaxng-datatype.mvn.path" value="com/sun/xml/relaxngDatatype/1.0/relaxngDatatype-1.0.jar" />
    <property name="build.version" value="2.2.4" />
    <property name="java.runtime.version" value="1.6.0_24-b07" />
    <property name="sun.boot.class.path" value="/home/snajper/work/builds/jdk/6u24/jre/lib/resources.jar:/home/snajper/work/builds/jdk/6u24/jre/lib/rt.jar:/home/snajper/work/builds/jdk/6u24/jre/lib/sunrsasign.jar:/home/snajper/work/builds/jdk/6u24/jre/lib/jsse.jar:/home/snajper/work/builds/jdk/6u24/jre/lib/jce.jar:/home/snajper/work/builds/jdk/6u24/jre/lib/charsets.jar:/home/snajper/work/builds/jdk/6u24/jre/lib/modules/jdk.boot.jar:/home/snajper/work/builds/jdk/6u24/jre/classes" />
    <property name="codemodel.version" value="2.5-SNAPSHOT" />
    <property name="jaxb.libs.runtime" value="/home/snajper/work/sources/jaxb/22/tools/lib/rebundle/runtime" />
    <property name="build.id" value="06/23/2011 02:11 PM(snajper)" />
    <property name="txwc2.mvn.path" value="com/sun/xml/txw2/txwc2/201103-SNAPSHOT/txwc2-201103-SNAPSHOT.jar" />
    <property name="reflection.src" value="/home/snajper/work/sources/jaxb/22/reflection/src" />
    <property name="user.country" value="US" />
    <property name="args4j.mvn.path" value="args4j/args4j/1.0/args4j-1.0.jar" />
    <property name="release.impl.version.suffix" value="" />
    <property name="osgi.build.rt" value="/home/snajper/work/sources/jaxb/22/osgi/build/rt" />
    <property name="javacc.mvn.path" value="javacc/javacc/3.2/javacc-3.2.jar" />
    <property name="java.vendor" value="Sun Microsystems Inc." />
    <property name="runtime-staxex.src" value="/home/snajper/work/sources/jaxb/22/runtime-staxex/src" />
    <property name="fi.mvn.path" value="com/sun/xml/fastinfoset/FastInfoset/1.2.10-SNAPSHOT/FastInfoset-1.2.10-SNAPSHOT.jar" />
    <property name="relaxngcc.mvn.path" value="com/sun/xml/relaxngcc/20021212/relaxngcc-20021212.jar" />
    <property name="runtime.classes" value="/home/snajper/work/sources/jaxb/22/runtime/build/classes" />
    <property name="java.specification.version" value="1.6" />
    <property name="sun.arch.data.model" value="64" />
  </properties>
  <testcase classname="com.sun.xml.bind.v2.util.CollisionCheckStackTest" name="test1" time="0.0010" />
  <testcase classname="com.sun.xml.bind.v2.util.CollisionCheckStackTest" name="test2" time="0.0010" />
  <system-out><![CDATA[]]></system-out>
  <system-err><![CDATA[]]></system-err>
</testsuite>
